#
# A fatal error has been detected by the Java Runtime Environment:
#
#  EXCEPTION_ACCESS_VIOLATION (0xc0000005) at pc=0x00007ffc78721be5, pid=1548, tid=14996
#
# JRE version:  (18.0.2+9) (build )
# Java VM: OpenJDK 64-Bit Server VM (18.0.2+9-FR, mixed mode, sharing, tiered, unknown gc, windows-amd64)
# Problematic frame:
# C  [jimage.dll+0x1be5]
#
# No core dump will be written. Minidumps are not enabled by default on client versions of Windows
#
#

---------------  S U M M A R Y ------------

Command Line: 

Host: AMD Ryzen 7 5700U with Radeon Graphics         , 16 cores, 15G,  Windows 11 , 64 bit Build 22621 (10.0.22621.755)
Time: Sat Nov 19 22:39:40 2022  Windows 11 , 64 bit Build 22621 (10.0.22621.755) elapsed time: 0.018522 seconds (0d 0h 0m 0s)

---------------  T H R E A D  ---------------

Current thread is native thread

Stack: [0x000000d804600000,0x000000d804700000],  sp=0x000000d8046fd7b0,  free space=1013k
Native frames: (J=compiled Java code, j=interpreted, Vv=VM code, C=native code)
C  [jimage.dll+0x1be5]
C  [jimage.dll+0x1d73]
C  [jimage.dll+0x2651]
V  [jvm.dll+0x20ee6a]
V  [jvm.dll+0xd839e]
V  [jvm.dll+0x7da6dc]
V  [jvm.dll+0x4058f3]
V  [jvm.dll+0x4072b1]
C  [jli.dll+0x519f]
C  [ucrtbase.dll+0x29363]
C  [KERNEL32.DLL+0x1244d]
C  [ntdll.dll+0x5dfb8]


siginfo: EXCEPTION_ACCESS_VIOLATION (0xc0000005), reading address 0x000000000000f488


Registers:
RAX=0x0000000000003d1b, RBX=0x000000d8046fd8a1, RCX=0x00007ffc78726000, RDX=0x0000000000003d1b
RSP=0x000000d8046fd7b0, RBP=0x000000d8046fd8a0, RSI=0x000000000000734d, RDI=0x000000d8046fd8a0
R8 =0x00007ffc78724278, R9 =0x000000000000001c, R10=0x00007ffc22176e00, R11=0x00007ffc78726000
R12=0x0000000000000000, R13=0x000000d8046ffcf0, R14=0x000000d8046fe910, R15=0x00007ffc22176e30
RIP=0x00007ffc78721be5, EFLAGS=0x0000000000010212

Top of Stack: (sp=0x000000d8046fd7b0)
0x000000d8046fd7b0:   000002bf000000d2 00000000db0004df
0x000000d8046fd7c0:   00000001412b0b00 000002bf41485eaa
0x000000d8046fd7d0:   000002bf41460b60 00007ffc78721d73
0x000000d8046fd7e0:   000000000000000b 000002bf41460b60
0x000000d8046fd7f0:   00000000000006f5 00000000000006f5
0x000000d8046fd800:   00000000000006f5 00007ffc7fb7490a
0x000000d8046fd810:   000002bf41423080 000002bfdb0004df
0x000000d8046fd820:   000002bf41420000 000000d8db0004df
0x000000d8046fd830:   00000000000006f5 000002bf43640080
0x000000d8046fd840:   0000091213bebd39 000002bf41420150
0x000000d8046fd850:   00007ffc221567b0 0000000000000017
0x000000d8046fd860:   000002bf41460b60 000000d8046fe910
0x000000d8046fd870:   000000000000000b 00007ffc78722651
0x000000d8046fd880:   000002bf41420000 00007ffcdb0004df
0x000000d8046fd890:   000000000000075e 000002bf4365d9f0
0x000000d8046fd8a0:   61622e6176616a2f 692f6b646a2f6573 

Instructions: (pc=0x00007ffc78721be5)
0x00007ffc78721ae5:   48 85 c9 74 1d 80 3d 1f 45 00 00 00 74 06 48 8b
0x00007ffc78721af5:   53 18 eb 04 48 8b 53 40 e8 ae 0e 00 00 48 83 63
0x00007ffc78721b05:   48 00 8b 4b 0c 83 f9 ff 74 09 e8 e4 0c 00 00 83
0x00007ffc78721b15:   4b 0c ff 48 8b 4b 70 48 85 c9 74 0f ba 10 00 00
0x00007ffc78721b25:   00 e8 fd 0e 00 00 48 83 63 70 00 48 83 c4 20 5b
0x00007ffc78721b35:   c3 cc cc 40 53 48 83 ec 20 48 8b d9 48 8d 0d d8
0x00007ffc78721b45:   46 00 00 e8 b3 0c 00 00 83 6b 08 01 75 24 48 8b
0x00007ffc78721b55:   d3 48 8d 0d bb 44 00 00 e8 22 08 00 00 48 8b cb
0x00007ffc78721b65:   e8 de fe ff ff ba 78 00 00 00 48 8b cb e8 b1 0e
0x00007ffc78721b75:   00 00 48 8d 0d a2 46 00 00 48 83 c4 20 5b e9 80
0x00007ffc78721b85:   0c 00 00 48 89 5c 24 08 48 89 74 24 10 57 48 83
0x00007ffc78721b95:   ec 20 41 8b f1 4d 8b c8 48 8b fa 4c 8b d9 4d 85
0x00007ffc78721ba5:   c0 74 78 85 f6 74 74 44 8a 12 48 8d 5a 01 48 8b
0x00007ffc78721bb5:   d3 b8 93 01 00 01 eb 12 69 c0 93 01 00 01 41 0f
0x00007ffc78721bc5:   b6 ca 44 8a 12 33 c1 48 ff c2 45 84 d2 75 e9 4d
0x00007ffc78721bd5:   8b 03 0f ba f0 1f 33 d2 49 8b cb f7 f6 48 63 c2
0x00007ffc78721be5:   41 8b 14 81 41 ff 50 08 85 c0 7e 24 8a 0f eb 10
0x00007ffc78721bf5:   69 c0 93 01 00 01 0f b6 c9 33 c1 8a 0b 48 ff c3
0x00007ffc78721c05:   84 c9 75 ec 0f ba f0 1f 33 d2 f7 f6 8b c2 eb 0e
0x00007ffc78721c15:   79 09 83 c9 ff 2b c8 8b c1 eb 03 83 c8 ff 48 8b
0x00007ffc78721c25:   5c 24 30 48 8b 74 24 38 48 83 c4 20 5f c3 cc 48
0x00007ffc78721c35:   89 5c 24 08 48 89 74 24 10 57 48 83 ec 20 48 8b
0x00007ffc78721c45:   f1 48 8d 0d d3 45 00 00 e8 ae 0b 00 00 33 ff 39
0x00007ffc78721c55:   3d be 43 00 00 76 24 48 8b 05 bd 43 00 00 48 8b
0x00007ffc78721c65:   d6 48 8b 1c f8 48 8b 0b e8 be 1e 00 00 85 c0 74
0x00007ffc78721c75:   2b ff c7 3b 3d 9a 43 00 00 72 dc 33 db 48 8d 0d
0x00007ffc78721c85:   97 45 00 00 e8 7a 0b 00 00 48 8b 74 24 38 48 8b
0x00007ffc78721c95:   c3 48 8b 5c 24 30 48 83 c4 20 5f c3 ff 43 08 eb
0x00007ffc78721ca5:   dc cc cc 48 89 5c 24 08 48 89 74 24 10 57 48 83
0x00007ffc78721cb5:   ec 20 48 8b d9 48 8b f2 48 8b 49 10 49 8b f8 8b
0x00007ffc78721cc5:   53 30 48 8b 01 ff 50 20 4c 8b 43 50 48 8b d6 48
0x00007ffc78721cd5:   8b 4b 10 44 8b c8 e8 a8 fe ff ff 83 f8 ff 74 38 



---------------  P R O C E S S  ---------------

VM state: not at safepoint (not fully initialized)

VM Mutex/Monitor currently owned by a thread: None

GC Precious Log:
<Not initialized>


Dynamic libraries:
0x00007ff617480000 - 0x00007ff61748d000 	C:\Users\Богдан\.jdks\corretto-18.0.2\bin\java.exe
0x00007ffc7fb30000 - 0x00007ffc7fd44000 	C:\WINDOWS\SYSTEM32\ntdll.dll
0x00007ffc7f220000 - 0x00007ffc7f2e2000 	C:\WINDOWS\System32\KERNEL32.DLL
0x00007ffc7d080000 - 0x00007ffc7d41d000 	C:\WINDOWS\System32\KERNELBASE.dll
0x00007ffc7d5c0000 - 0x00007ffc7d6d1000 	C:\WINDOWS\System32\ucrtbase.dll
0x00007ffc6bfc0000 - 0x00007ffc6bfd7000 	C:\Users\Богдан\.jdks\corretto-18.0.2\bin\jli.dll
0x00007ffc68950000 - 0x00007ffc68965000 	C:\Users\Богдан\.jdks\corretto-18.0.2\bin\VCRUNTIME140.dll
0x00007ffc7eab0000 - 0x00007ffc7ec5a000 	C:\WINDOWS\System32\USER32.dll
0x00007ffc656a0000 - 0x00007ffc6592e000 	C:\WINDOWS\WinSxS\amd64_microsoft.windows.common-controls_6595b64144ccf1df_6.0.22621.608_none_a9444ca7c10bb01d\COMCTL32.dll
0x00007ffc7d590000 - 0x00007ffc7d5b6000 	C:\WINDOWS\System32\win32u.dll
0x00007ffc7e9a0000 - 0x00007ffc7ea47000 	C:\WINDOWS\System32\msvcrt.dll
0x00007ffc7f780000 - 0x00007ffc7f7a9000 	C:\WINDOWS\System32\GDI32.dll
0x00007ffc7cf60000 - 0x00007ffc7d072000 	C:\WINDOWS\System32\gdi32full.dll
0x00007ffc7d6e0000 - 0x00007ffc7d77a000 	C:\WINDOWS\System32\msvcp_win.dll
0x00007ffc7f950000 - 0x00007ffc7f982000 	C:\WINDOWS\System32\IMM32.DLL
0x00007ffc46bc0000 - 0x00007ffc46c5b000 	C:\Users\Богдан\.jdks\corretto-18.0.2\bin\msvcp140.dll
0x00007ffc21840000 - 0x00007ffc224b1000 	C:\Users\Богдан\.jdks\corretto-18.0.2\bin\server\jvm.dll
0x00007ffc7de10000 - 0x00007ffc7debe000 	C:\WINDOWS\System32\ADVAPI32.dll
0x00007ffc7e860000 - 0x00007ffc7e904000 	C:\WINDOWS\System32\sechost.dll
0x00007ffc7ec60000 - 0x00007ffc7ed75000 	C:\WINDOWS\System32\RPCRT4.dll
0x00007ffc7f990000 - 0x00007ffc7f998000 	C:\WINDOWS\System32\PSAPI.DLL
0x00007ffc58d90000 - 0x00007ffc58d99000 	C:\WINDOWS\SYSTEM32\WSOCK32.dll
0x00007ffc754e0000 - 0x00007ffc75514000 	C:\WINDOWS\SYSTEM32\WINMM.dll
0x00007ffc75470000 - 0x00007ffc7547a000 	C:\WINDOWS\SYSTEM32\VERSION.dll
0x00007ffc7f8d0000 - 0x00007ffc7f941000 	C:\WINDOWS\System32\WS2_32.dll
0x00007ffc7bf40000 - 0x00007ffc7bf58000 	C:\WINDOWS\SYSTEM32\kernel.appcore.dll
0x00007ffc78720000 - 0x00007ffc7872a000 	C:\Users\Богдан\.jdks\corretto-18.0.2\bin\jimage.dll
0x00007ffc6ac70000 - 0x00007ffc6ae9e000 	C:\WINDOWS\SYSTEM32\DBGHELP.DLL
0x00007ffc7f3f0000 - 0x00007ffc7f77a000 	C:\WINDOWS\System32\combase.dll
0x00007ffc7f2f0000 - 0x00007ffc7f3c7000 	C:\WINDOWS\System32\OLEAUT32.dll
0x00007ffc61850000 - 0x00007ffc61882000 	C:\WINDOWS\SYSTEM32\dbgcore.DLL
0x00007ffc7d8b0000 - 0x00007ffc7d92b000 	C:\WINDOWS\System32\bcryptPrimitives.dll

dbghelp: loaded successfully - version: 4.0.5 - missing functions: none
symbol engine: initialized successfully - sym options: 0x614 - pdb path: .;C:\Users\Богдан\.jdks\corretto-18.0.2\bin;C:\WINDOWS\SYSTEM32;C:\WINDOWS\WinSxS\amd64_microsoft.windows.common-controls_6595b64144ccf1df_6.0.22621.608_none_a9444ca7c10bb01d;C:\Users\Богдан\.jdks\corretto-18.0.2\bin\server

VM Arguments:
java_command: <unknown>
java_class_path (initial): <not set>
Launcher Type: SUN_STANDARD

[Global flags]
     bool UseLargePagesIndividualAllocation        = false                                  {pd product} {ergonomic}

Logging:
Log output configuration:
 #0: stdout all=warning uptime,level,tags foldmultilines=false
 #1: stderr all=off uptime,level,tags foldmultilines=false

Environment Variables:
JAVA_HOME=C:\Program Files\Java\jdk-17.0.1
PATH=C:\Program Files\Common Files\Oracle\Java\javapath;C:\WINDOWS\system32;C:\WINDOWS;C:\WINDOWS\System32\Wbem;C:\WINDOWS\System32\WindowsPowerShell\v1.0\;C:\WINDOWS\System32\OpenSSH\;C:\Program Files (x86)\QuickTime\QTSystem\;C:\Program Files\Docker\Docker\resources\bin;C:\ProgramData\DockerDesktop\version-bin;C:\Program Files (x86)\dotnet\;C:\Program Files\Git\cmd;C:\Program Files\apache-maven-3.8.6\bin;C:\Users\Богдан\AppData\Local\Microsoft\WindowsApps;;C:\Program Files\JetBrains\IntelliJ IDEA Community Edition 2021.3.1\bin;C:\Users\Богдан\AppData\Local\JetBrains\Toolbox\scripts;%USERPROFILE%\AppData\Local\Microsoft\WindowsApps
USERNAME=Богдан
OS=Windows_NT
PROCESSOR_IDENTIFIER=AMD64 Family 23 Model 104 Stepping 1, AuthenticAMD



---------------  S Y S T E M  ---------------

OS:
 Windows 11 , 64 bit Build 22621 (10.0.22621.755)
OS uptime: 3 days 1:36 hours

CPU: total 16 (initial active 0) 

Memory: 4k page, system-wide physical 15695M (6293M free)
TotalPageFile size 16719M (AvailPageFile size 5475M)
current process WorkingSet (physical memory assigned to process): 8M, peak: 8M
current process commit charge ("private bytes"): 3M, peak: 3M

vm_info: OpenJDK 64-Bit Server VM (18.0.2+9-FR) for windows-amd64 JRE (18.0.2+9-FR), built on Jul 15 2022 20:03:03 by "Administrator" with MS VC++ 15.9 (VS2017)

END.
